<?xml version="1.0" encoding="UTF-8"?>
<testsuite xmlns:xsi="http://www.w3.org/2001/XMLSchema-instance" xsi:noNamespaceSchemaLocation="https://maven.apache.org/surefire/maven-surefire-plugin/xsd/surefire-test-report-3.0.xsd" version="3.0" name="org.example.v1.StringProcessorTwoTest" time="0.007" tests="1" errors="0" skipped="0" failures="0">
  <properties>
[...]
</properties>
  <testcase name="testTwoProcess" classname="org.example.v1.StringProcessorTwoTest" time="0.004">
    <system-out><![CDATA[Input: abvvvbad
-> abbbad, vvv is replaced by b
-> aaad, bbb is replaced by a
-> d, aaa is replaced by nothing (removed)

]]></system-out>
  </testcase>
</testsuite>